15 Mar 2025 13:08:11,574 INFO  project.moto.Repository.PlayerDBRepository 21 <init> - Initialized PlayerDBIRepository with properties: {}
15 Mar 2025 13:08:11,578 INFO  project.moto.Repository.PlayerDBRepository 52 findAll - Finding all Players
15 Mar 2025 13:08:11,579 TRACE project.moto.Utils.JdbcUtils 48 getConnection - Enter
15 Mar 2025 13:08:11,579 TRACE project.moto.Utils.JdbcUtils 25 getNewConnection - Enter
15 Mar 2025 13:08:11,579 INFO  project.moto.Utils.JdbcUtils 30 getNewConnection - trying to connect to database ... null
15 Mar 2025 13:08:11,579 INFO  project.moto.Utils.JdbcUtils 31 getNewConnection - user: null
15 Mar 2025 13:08:11,579 INFO  project.moto.Utils.JdbcUtils 32 getNewConnection - pass: null
15 Mar 2025 13:08:11,580 ERROR project.moto.Utils.JdbcUtils 41 getNewConnection - java.sql.SQLException: The url cannot be null
15 Mar 2025 13:08:11,586 TRACE project.moto.Utils.JdbcUtils 57 getConnection - Exit
15 Mar 2025 13:08:11,587 ERROR project.moto.Repository.PlayerDBRepository 68 findAll - java.lang.NullPointerException: Cannot invoke "java.sql.Connection.prepareStatement(String)" because "con" is null
15 Mar 2025 13:08:30,478 INFO  project.moto.Repository.PlayerDBRepository 21 <init> - Initialized PlayerDBIRepository with properties: {}
15 Mar 2025 13:08:30,479 INFO  project.moto.Repository.PlayerDBRepository 52 findAll - Finding all Players
15 Mar 2025 13:08:30,479 TRACE project.moto.Utils.JdbcUtils 48 getConnection - Enter
15 Mar 2025 13:08:30,479 TRACE project.moto.Utils.JdbcUtils 25 getNewConnection - Enter
15 Mar 2025 13:08:30,479 INFO  project.moto.Utils.JdbcUtils 30 getNewConnection - trying to connect to database ... null
15 Mar 2025 13:08:30,479 INFO  project.moto.Utils.JdbcUtils 31 getNewConnection - user: null
15 Mar 2025 13:08:30,480 INFO  project.moto.Utils.JdbcUtils 32 getNewConnection - pass: null
15 Mar 2025 13:08:30,480 ERROR project.moto.Utils.JdbcUtils 41 getNewConnection - java.sql.SQLException: The url cannot be null
15 Mar 2025 13:08:30,480 TRACE project.moto.Utils.JdbcUtils 57 getConnection - Exit
15 Mar 2025 13:08:30,481 ERROR project.moto.Repository.PlayerDBRepository 68 findAll - java.lang.NullPointerException: Cannot invoke "java.sql.Connection.prepareStatement(String)" because "con" is null
15 Mar 2025 13:09:10,436 INFO  project.moto.Repository.PlayerDBRepository 21 <init> - Initialized PlayerDBIRepository with properties: {}
15 Mar 2025 13:09:10,436 INFO  project.moto.Repository.PlayerDBRepository 52 findAll - Finding all Players
15 Mar 2025 13:09:10,437 TRACE project.moto.Utils.JdbcUtils 48 getConnection - Enter
15 Mar 2025 13:09:10,437 TRACE project.moto.Utils.JdbcUtils 25 getNewConnection - Enter
15 Mar 2025 13:09:10,437 INFO  project.moto.Utils.JdbcUtils 30 getNewConnection - trying to connect to database ... null
15 Mar 2025 13:09:10,437 INFO  project.moto.Utils.JdbcUtils 31 getNewConnection - user: null
15 Mar 2025 13:09:10,437 INFO  project.moto.Utils.JdbcUtils 32 getNewConnection - pass: null
15 Mar 2025 13:09:10,438 ERROR project.moto.Utils.JdbcUtils 41 getNewConnection - java.sql.SQLException: The url cannot be null
15 Mar 2025 13:09:10,439 TRACE project.moto.Utils.JdbcUtils 57 getConnection - Exit
15 Mar 2025 13:09:10,439 ERROR project.moto.Repository.PlayerDBRepository 68 findAll - java.lang.NullPointerException: Cannot invoke "java.sql.Connection.prepareStatement(String)" because "con" is null
15 Mar 2025 13:10:16,058 INFO  project.moto.Repository.PlayerDBRepository 21 <init> - Initialized PlayerDBIRepository with properties: {}
15 Mar 2025 13:10:16,059 INFO  project.moto.Repository.PlayerDBRepository 52 findAll - Finding all Players
15 Mar 2025 13:11:15,279 INFO  project.moto.Repository.PlayerDBRepository 21 <init> - Initialized PlayerDBIRepository with properties: {jdbc.url=jdbc:sqlite:/Users/horatiubanciu/code/mpp/proiectSemestru.sqlite}
15 Mar 2025 13:11:15,280 INFO  project.moto.Repository.PlayerDBRepository 52 findAll - Finding all Players
15 Mar 2025 13:11:15,280 TRACE project.moto.Utils.JdbcUtils 48 getConnection - Enter
15 Mar 2025 13:11:15,280 TRACE project.moto.Utils.JdbcUtils 25 getNewConnection - Enter
15 Mar 2025 13:11:15,280 INFO  project.moto.Utils.JdbcUtils 30 getNewConnection - trying to connect to database ... jdbc:sqlite:/Users/horatiubanciu/code/mpp/proiectSemestru.sqlite
15 Mar 2025 13:11:15,281 INFO  project.moto.Utils.JdbcUtils 31 getNewConnection - user: null
15 Mar 2025 13:11:15,281 INFO  project.moto.Utils.JdbcUtils 32 getNewConnection - pass: null
15 Mar 2025 13:11:15,283 ERROR project.moto.Utils.JdbcUtils 41 getNewConnection - java.sql.SQLException: No suitable driver found for jdbc:sqlite:/Users/horatiubanciu/code/mpp/proiectSemestru.sqlite
15 Mar 2025 13:11:15,283 TRACE project.moto.Utils.JdbcUtils 57 getConnection - Exit
15 Mar 2025 13:11:15,283 ERROR project.moto.Repository.PlayerDBRepository 68 findAll - java.lang.NullPointerException: Cannot invoke "java.sql.Connection.prepareStatement(String)" because "con" is null
15 Mar 2025 13:11:28,705 INFO  project.moto.Repository.PlayerDBRepository 21 <init> - Initialized PlayerDBIRepository with properties: {jdbc.url=jdbc:sqlite:/Users/horatiubanciu/code/mpp/proiectSemestru.sqlite}
15 Mar 2025 13:11:28,707 INFO  project.moto.Repository.PlayerDBRepository 52 findAll - Finding all Players
15 Mar 2025 13:11:38,578 TRACE project.moto.Utils.JdbcUtils 48 getConnection - Enter
15 Mar 2025 13:11:38,579 TRACE project.moto.Utils.JdbcUtils 25 getNewConnection - Enter
15 Mar 2025 13:11:38,579 INFO  project.moto.Utils.JdbcUtils 30 getNewConnection - trying to connect to database ... jdbc:sqlite:/Users/horatiubanciu/code/mpp/proiectSemestru.sqlite
15 Mar 2025 13:11:38,579 INFO  project.moto.Utils.JdbcUtils 31 getNewConnection - user: null
15 Mar 2025 13:11:38,580 INFO  project.moto.Utils.JdbcUtils 32 getNewConnection - pass: null
15 Mar 2025 13:11:38,584 ERROR project.moto.Utils.JdbcUtils 41 getNewConnection - java.sql.SQLException: No suitable driver found for jdbc:sqlite:/Users/horatiubanciu/code/mpp/proiectSemestru.sqlite
15 Mar 2025 13:11:38,584 TRACE project.moto.Utils.JdbcUtils 57 getConnection - Exit
15 Mar 2025 13:14:08,996 INFO  project.moto.Repository.PlayerDBRepository 21 <init> - Initialized PlayerDBIRepository with properties: {jdbc.url=jdbc:sqlite:/Users/horatiubanciu/code/mpp/proiectSemestru.sqlite}
15 Mar 2025 13:14:08,997 INFO  project.moto.Repository.PlayerDBRepository 52 findAll - Finding all Players
15 Mar 2025 13:14:08,998 TRACE project.moto.Utils.JdbcUtils 48 getConnection - Enter
15 Mar 2025 13:14:08,998 TRACE project.moto.Utils.JdbcUtils 25 getNewConnection - Enter
15 Mar 2025 13:14:08,998 INFO  project.moto.Utils.JdbcUtils 30 getNewConnection - trying to connect to database ... jdbc:sqlite:/Users/horatiubanciu/code/mpp/proiectSemestru.sqlite
15 Mar 2025 13:14:08,998 INFO  project.moto.Utils.JdbcUtils 31 getNewConnection - user: null
15 Mar 2025 13:14:08,998 INFO  project.moto.Utils.JdbcUtils 32 getNewConnection - pass: null
15 Mar 2025 13:14:09,239 TRACE project.moto.Utils.JdbcUtils 57 getConnection - Exit with(org.sqlite.jdbc4.JDBC4Connection@192c3f1e)
15 Mar 2025 13:14:09,243 TRACE project.moto.Repository.PlayerDBRepository 71 findAll - Exit with(1)
15 Mar 2025 13:14:09,245 INFO  project.moto.Repository.TeamDBRepository 22 <init> - Initialized TeamDBRepository with properties: {jdbc.url=jdbc:sqlite:/Users/horatiubanciu/code/mpp/proiectSemestru.sqlite}
15 Mar 2025 13:14:09,246 INFO  project.moto.Repository.TeamDBRepository 51 findAll - Find all tasks
15 Mar 2025 13:14:09,246 TRACE project.moto.Utils.JdbcUtils 48 getConnection - Enter
15 Mar 2025 13:14:09,246 TRACE project.moto.Utils.JdbcUtils 25 getNewConnection - Enter
15 Mar 2025 13:14:09,246 INFO  project.moto.Utils.JdbcUtils 30 getNewConnection - trying to connect to database ... jdbc:sqlite:/Users/horatiubanciu/code/mpp/proiectSemestru.sqlite
15 Mar 2025 13:14:09,246 INFO  project.moto.Utils.JdbcUtils 31 getNewConnection - user: null
15 Mar 2025 13:14:09,246 INFO  project.moto.Utils.JdbcUtils 32 getNewConnection - pass: null
15 Mar 2025 13:14:09,246 TRACE project.moto.Utils.JdbcUtils 57 getConnection - Exit with(org.sqlite.jdbc4.JDBC4Connection@683dbc2c)
15 Mar 2025 13:14:09,247 TRACE project.moto.Repository.TeamDBRepository 68 findAll - Exit with(1)
15 Mar 2025 13:14:09,248 INFO  project.moto.Repository.RaceDBRepository 23 <init> - Initialized RaceDBRepository with properties: {jdbc.url=jdbc:sqlite:/Users/horatiubanciu/code/mpp/proiectSemestru.sqlite}
15 Mar 2025 13:14:09,248 TRACE project.moto.Repository.RaceDBRepository 68 findAll - Enter findAll races
15 Mar 2025 13:14:09,248 TRACE project.moto.Utils.JdbcUtils 48 getConnection - Enter
15 Mar 2025 13:14:09,248 TRACE project.moto.Utils.JdbcUtils 25 getNewConnection - Enter
15 Mar 2025 13:14:09,248 INFO  project.moto.Utils.JdbcUtils 30 getNewConnection - trying to connect to database ... jdbc:sqlite:/Users/horatiubanciu/code/mpp/proiectSemestru.sqlite
15 Mar 2025 13:14:09,248 INFO  project.moto.Utils.JdbcUtils 31 getNewConnection - user: null
15 Mar 2025 13:14:09,248 INFO  project.moto.Utils.JdbcUtils 32 getNewConnection - pass: null
15 Mar 2025 13:14:09,249 TRACE project.moto.Utils.JdbcUtils 57 getConnection - Exit with(org.sqlite.jdbc4.JDBC4Connection@548e6d58)
